00800100 00000001 D auto_wrap
0080015f 00000001 B cursorX
0080015e 00000001 B cursorY
00800103 00000001 D mode
0080015c 00000002 B bgcolor
00800101 00000002 D fgcolor
000015b4 00000004 T GX_init
000014a0 00000004 T ILI9340_end
00000502 00000004 T VT_init
00000648 00000006 T carriage_return
00000479 00000007 T reset
000007bc 00000008 T erase_cursor_line
0000063e 0000000a T cursor_home
00001734 0000000a T SPI_setDataMode
00000838 0000000c T erase_screen
000018d6 0000000c T __tablejump2__
0000052a 0000000e T clear_tabstop
000012fa 0000000e T ILI9340_writecommand
00001308 0000000e T ILI9340_writedata
00000538 00000010 T clear_all_tabstops
00000574 00000010 T cursor_down
00000594 00000010 T cursor_left
000005a4 00000010 T cursor_right
00000584 00000010 T cursor_up
000004b6 00000010 T __do_clear_bss
00001778 00000010 T init_pins
0000064e 00000010 T linefeed
00000706 00000010 T reverse_linefeed
0000051a 00000010 T set_tabstop
00001712 00000010 T SPI_init
000005b4 00000012 T cursor_down_n
0000060a 00000012 T cursor_right_n
000014a4 00000012 T ILI9340_pixel
00001722 00000012 T SPI_setBitOrder
00000506 00000014 T get_color
00000480 00000014 T welcome_text
000004a0 00000016 T __do_copy_data
0000173e 0000001c T SPI_setClockDivider
00000964 0000001c T VT52_reset
00001788 0000001e T sequence
0000175a 0000001e T tx_char
00000946 0000001e T tx_str
000000d4 00000020 T colors
0000061c 00000022 T cursor_goto
000005e8 00000022 T cursor_left_n
000005c6 00000022 T cursor_up_n
00001478 00000028 T ILI9340_begin
00001530 00000028 T ILI9340_fillScreen
000018ae 00000028 T __udivmodhi4
00000792 0000002a T erase_line
000015fa 0000002a T USART_readByte
00000548 0000002c T cursor_tabstop
000006d8 0000002e T rx_char
000004d2 00000030 T VT_reset
000017a6 00000034 T read_buttons
00000b52 00000034 T VT220_reset
000007c4 00000036 T erase_cursor_to_bol
00000716 0000003a T erase_cursor_to_eol
000007fa 0000003e T erase_cursor_to_begin
00000750 00000042 T erase_cursor_to_end
000015b8 00000042 T USART_init
000016d0 00000042 T __vector_18
00000844 00000050 T erase_characters
00001624 00000056 T USART_send
0000167a 00000056 T __vector_19
00001558 0000005c T ILI9340_setRotation
00001316 00000066 T ILI9340_commandList
0000065e 0000007a T drawchar
000014b6 0000007a T ILI9340_fillRect
0000137c 0000007a T ILI9340_init
000013f6 00000082 T ILI9340_setAddrWindow
00000894 000000b2 T tx_dec
000011fe 000000c0 T drawchar_mini
000017da 000000d4 T main
00000980 00000140 T VT52_process
00000b86 00000678 T VT220_process
